<!DOCTYPE html PUBLIC "-//W3C//DTD XHTML 1.1//EN" "http://www.w3.org/TR/xhtml11/DTD/xhtml11.dtd">
<html xmlns="http://www.w3.org/1999/xhtml">
<head>
<meta http-equiv="content-type" content="text/html; charset=UTF-8"/>
<title>TestNG Report</title>
<style type="text/css">table {margin-bottom:10px;border-collapse:collapse;empty-cells:show}th,td {border:1px solid #009;padding:.25em .5em}th {vertical-align:bottom}td {vertical-align:top}table a {font-weight:bold}.stripe td {background-color: #E6EBF9}.num {text-align:right}.passedodd td {background-color: #3F3}.passedeven td {background-color: #0A0}.skippedodd td {background-color: #DDD}.skippedeven td {background-color: #CCC}.failedodd td,.attn {background-color: #F33}.failedeven td,.stripe .attn {background-color: #D00}.stacktrace {white-space:pre;font-family:monospace}.totop {font-size:85%;text-align:center;border-bottom:2px solid #000}.invisible {display:none}</style>
</head>
<body>
<table>
<tr><th>Test</th><th># Passed</th><th># Skipped</th><th># Failed</th><th>Time (ms)</th><th>Included Groups</th><th>Excluded Groups</th></tr>
<tr><th colspan="7">WELLAutomation</th></tr>
<<<<<<< HEAD
<tr><td><a href="#t0">WELL-Tests</a></td><td class="num">2</td><td class="num">0</td><td class="num attn">1</td><td class="num">73,627</td><td></td><td></td></tr>
</table>
<table id='summary'><thead><tr><th>Class</th><th>Method</th><th>Start</th><th>Time (ms)</th></tr></thead><tbody><tr><th colspan="4">WELLAutomation</th></tr></tbody><tbody id="t0"><tr><th colspan="4">WELL-Tests &#8212; failed</th></tr><tr class="failedeven"><td rowspan="1">com.Well.testcases.HealthSafety.TC_03_HsrPaymentTest</td><td><a href="#m0">TC_03_HsrPayment</a></td><td rowspan="1">1662984547056</td><td rowspan="1">24188</td></tr><tr><th colspan="4">WELL-Tests &#8212; passed</th></tr><tr class="passedeven"><td rowspan="1">com.Well.testcases.HealthSafety.TC_02_RegisterHealthSafetyTest</td><td><a href="#m1">TC_02_RegisterPortfolio</a></td><td rowspan="1">1662984509048</td><td rowspan="1">37906</td></tr><tr class="passedodd"><td rowspan="1">com.Well.testcases.login.TC_01_LoginTest</td><td><a href="#m2">TC_01_Login</a></td><td rowspan="1">1662984499146</td><td rowspan="1">9254</td></tr></tbody>
</table>
<h2>WELL-Tests</h2><h3 id="m0">com.Well.testcases.HealthSafety.TC_03_HsrPaymentTest#TC_03_HsrPayment</h3><table class="result"><tr class="param"><th>Parameter #1</th><th>Parameter #2</th></tr><tr class="param stripe"><td>Hsr</td><td>2</td></tr><tr><th colspan="2">Exception</th></tr><tr><td colspan="2"><div class="stacktrace">java.lang.Error: Index 1 out of bounds for length 1
	at com.Well.ReusableMethods.ReusableMethodsHealthSafety.StoreIdHealthSafety(ReusableMethodsHealthSafety.java:66)
	at com.Well.testcases.HealthSafety.TC_03_HsrPaymentTest.TC_03_HsrPayment(TC_03_HsrPaymentTest.java:21)
... Removed 25 stack frames</div></td></tr></table><p class="totop"><a href="#summary">back to summary</a></p>
<h3 id="m1">com.Well.testcases.HealthSafety.TC_02_RegisterHealthSafetyTest#TC_02_RegisterPortfolio</h3><table class="result"><tr class="param"><th>Parameter #1</th><th>Parameter #2</th></tr><tr class="param stripe"><td>Hsr</td><td>2</td></tr></table><p class="totop"><a href="#summary">back to summary</a></p>
<h3 id="m2">com.Well.testcases.login.TC_01_LoginTest#TC_01_Login</h3><table class="result"><tr><th class="invisible"/></tr></table><p class="totop"><a href="#summary">back to summary</a></p>
=======
<tr><td><a href="#t0">WELL-Tests</a></td><td class="num">2</td><td class="num">0</td><td class="num attn">5</td><td class="num">1,001,187</td><td></td><td></td></tr>
</table>
<table id='summary'><thead><tr><th>Class</th><th>Method</th><th>Start</th><th>Time (ms)</th></tr></thead><tbody><tr><th colspan="4">WELLAutomation</th></tr></tbody><tbody id="t0"><tr><th colspan="4">WELL-Tests &#8212; failed (configuration methods)</th></tr><tr class="failedeven"><td rowspan="1">com.Well.testcases.V2Project.TC_11_HealthSafetyReviewV2ProjectTest</td><td><a href="#m0">getResult</a></td><td rowspan="1">1662982180144</td><td rowspan="1">4</td></tr><tr class="failedodd"><td rowspan="1">com.Well.testcases.V2Project.TC_12_PerformanceV2ProjectTest</td><td><a href="#m1">getResult</a></td><td rowspan="1">1662982480680</td><td rowspan="1">3</td></tr><tr class="failedeven"><td rowspan="1">com.Well.testcases.V2Project.TC_13_PerformanceReviewV2ProjectTest</td><td><a href="#m2">getResult</a></td><td rowspan="1">1662982781162</td><td rowspan="1">2</td></tr><tr class="failedodd"><td rowspan="1">com.Well.testcases.V2Project.TC_14_TeamV2ProjectTest</td><td><a href="#m3">getResult</a></td><td rowspan="1">1662983081461</td><td rowspan="1">3</td></tr><tr><th colspan="4">WELL-Tests &#8212; failed</th></tr><tr class="failedeven"><td rowspan="1">com.Well.testcases.V2Project.TC_10_HealthSafetyV2ProjectTest</td><td><a href="#m4">tC_10_HealthSafetyV2ProjectTest</a></td><td rowspan="1">1662982096430</td><td rowspan="1">19782</td></tr><tr class="failedodd"><td rowspan="1">com.Well.testcases.V2Project.TC_11_HealthSafetyReviewV2ProjectTest</td><td><a href="#m5">tc_11_HealthSafetyReviewV2ProjectTest</a></td><td rowspan="1">1662982117167</td><td rowspan="1">62975</td></tr><tr class="failedeven"><td rowspan="1">com.Well.testcases.V2Project.TC_12_PerformanceV2ProjectTest</td><td><a href="#m6">tc_12_PerformanceV2ProjectTest</a></td><td rowspan="1">1662982180194</td><td rowspan="1">300484</td></tr><tr class="failedodd"><td rowspan="1">com.Well.testcases.V2Project.TC_13_PerformanceReviewV2ProjectTest</td><td><a href="#m7">tc_13_PerformanceReviewV2ProjectTest</a></td><td rowspan="1">1662982480696</td><td rowspan="1">300463</td></tr><tr class="failedeven"><td rowspan="1">com.Well.testcases.V2Project.TC_14_TeamV2ProjectTest</td><td><a href="#m8">tc_14_TeamV2ProjectTest</a></td><td rowspan="1">1662982781209</td><td rowspan="1">300249</td></tr><tr><th colspan="4">WELL-Tests &#8212; passed</th></tr><tr class="passedeven"><td rowspan="1">com.Well.testcases.V2Project.TC_03_SearchV2ProjectByIdTest</td><td><a href="#m9">tc_03_SearchV2ProjectByIdTest</a></td><td rowspan="1">1662982090196</td><td rowspan="1">6174</td></tr><tr class="passedodd"><td rowspan="1">com.Well.testcases.login.TC_01_LoginTest</td><td><a href="#m10">TC_01_Login</a></td><td rowspan="1">1662982080773</td><td rowspan="1">8778</td></tr></tbody>
</table>
<h2>WELL-Tests</h2><h3 id="m0">com.Well.testcases.V2Project.TC_11_HealthSafetyReviewV2ProjectTest#getResult</h3><table class="result"><tr class="param"><th>Parameter #1</th></tr><tr class="param stripe"><td>[TestResult name=tc_11_HealthSafetyReviewV2ProjectTest status=FAILURE method=TC_11_HealthSafetyReviewV2ProjectTest.tc_11_HealthSafetyReviewV2ProjectTest(java.lang.String, int)[pri:0, instance:com.Well.testcases.V2Project.TC_11_HealthSafetyReviewV2ProjectTest@909217e] output={null}]</td></tr><tr><th>Exception</th></tr><tr><td><div class="stacktrace">org.openqa.selenium.NoSuchWindowException: no such window: target window already closed
from unknown error: web view not found
  (Session info: chrome=104.0.5112.102)
Build info: version: &apos;4.3.0&apos;, revision: &apos;a4995e2c09*&apos;
System info: host: &apos;ABHISHEKGUPTA&apos;, ip: &apos;192.168.1.6&apos;, os.name: &apos;Windows 11&apos;, os.arch: &apos;amd64&apos;, os.version: &apos;10.0&apos;, java.version: &apos;17.0.3&apos;
Driver info: org.openqa.selenium.chrome.ChromeDriver
Command: [95179d08e13fa1df6332a5ba6a4bfa88, screenshot {}]
Capabilities {acceptInsecureCerts: false, browserName: chrome, browserVersion: 104.0.5112.102, chrome: {chromedriverVersion: 104.0.5112.79 (3cf3e8c8a07d..., userDataDir: C:\Users\abhis\AppData\Loca...}, goog:chromeOptions: {debuggerAddress: localhost:50979}, networkConnectionEnabled: false, pageLoadStrategy: normal, platformName: WINDOWS, proxy: Proxy(), se:cdp: ws://localhost:50979/devtoo..., se:cdpVersion: 104.0.5112.102, setWindowRect: true, strictFileInteractability: false, timeouts: {implicit: 0, pageLoad: 300000, script: 30000}, unhandledPromptBehavior: dismiss and notify, webauthn:extension:credBlob: true, webauthn:extension:largeBlob: true, webauthn:virtualAuthenticators: true}
Session ID: 95179d08e13fa1df6332a5ba6a4bfa88
	at org.openqa.selenium.remote.codec.w3c.W3CHttpResponseCodec.createException(W3CHttpResponseCodec.java:200)
	at org.openqa.selenium.remote.codec.w3c.W3CHttpResponseCodec.decode(W3CHttpResponseCodec.java:133)
	at org.openqa.selenium.remote.codec.w3c.W3CHttpResponseCodec.decode(W3CHttpResponseCodec.java:53)
	at org.openqa.selenium.remote.HttpCommandExecutor.execute(HttpCommandExecutor.java:184)
	at org.openqa.selenium.remote.service.DriverCommandExecutor.invokeExecute(DriverCommandExecutor.java:167)
	at org.openqa.selenium.remote.service.DriverCommandExecutor.execute(DriverCommandExecutor.java:142)
	at org.openqa.selenium.remote.RemoteWebDriver.execute(RemoteWebDriver.java:569)
	at org.openqa.selenium.remote.RemoteWebDriver.execute(RemoteWebDriver.java:624)
	at org.openqa.selenium.remote.RemoteWebDriver.execute(RemoteWebDriver.java:628)
	at org.openqa.selenium.remote.RemoteWebDriver.getScreenshotAs(RemoteWebDriver.java:353)
	at com.Well.Engine.BaseClass.getResult(BaseClass.java:211)
... Removed 32 stack frames</div></td></tr></table><p class="totop"><a href="#summary">back to summary</a></p>
<h3 id="m1">com.Well.testcases.V2Project.TC_12_PerformanceV2ProjectTest#getResult</h3><table class="result"><tr class="param"><th>Parameter #1</th></tr><tr class="param stripe"><td>[TestResult name=tc_12_PerformanceV2ProjectTest status=FAILURE method=TC_12_PerformanceV2ProjectTest.tc_12_PerformanceV2ProjectTest(java.lang.String, int)[pri:0, instance:com.Well.testcases.V2Project.TC_12_PerformanceV2ProjectTest@18271936] output={null}]</td></tr><tr><th>Exception</th></tr><tr><td><div class="stacktrace">org.openqa.selenium.NoSuchWindowException: no such window: target window already closed
from unknown error: web view not found
  (Session info: chrome=104.0.5112.102)
Build info: version: &apos;4.3.0&apos;, revision: &apos;a4995e2c09*&apos;
System info: host: &apos;ABHISHEKGUPTA&apos;, ip: &apos;192.168.1.6&apos;, os.name: &apos;Windows 11&apos;, os.arch: &apos;amd64&apos;, os.version: &apos;10.0&apos;, java.version: &apos;17.0.3&apos;
Driver info: org.openqa.selenium.chrome.ChromeDriver
Command: [95179d08e13fa1df6332a5ba6a4bfa88, screenshot {}]
Capabilities {acceptInsecureCerts: false, browserName: chrome, browserVersion: 104.0.5112.102, chrome: {chromedriverVersion: 104.0.5112.79 (3cf3e8c8a07d..., userDataDir: C:\Users\abhis\AppData\Loca...}, goog:chromeOptions: {debuggerAddress: localhost:50979}, networkConnectionEnabled: false, pageLoadStrategy: normal, platformName: WINDOWS, proxy: Proxy(), se:cdp: ws://localhost:50979/devtoo..., se:cdpVersion: 104.0.5112.102, setWindowRect: true, strictFileInteractability: false, timeouts: {implicit: 0, pageLoad: 300000, script: 30000}, unhandledPromptBehavior: dismiss and notify, webauthn:extension:credBlob: true, webauthn:extension:largeBlob: true, webauthn:virtualAuthenticators: true}
Session ID: 95179d08e13fa1df6332a5ba6a4bfa88
	at org.openqa.selenium.remote.codec.w3c.W3CHttpResponseCodec.createException(W3CHttpResponseCodec.java:200)
	at org.openqa.selenium.remote.codec.w3c.W3CHttpResponseCodec.decode(W3CHttpResponseCodec.java:133)
	at org.openqa.selenium.remote.codec.w3c.W3CHttpResponseCodec.decode(W3CHttpResponseCodec.java:53)
	at org.openqa.selenium.remote.HttpCommandExecutor.execute(HttpCommandExecutor.java:184)
	at org.openqa.selenium.remote.service.DriverCommandExecutor.invokeExecute(DriverCommandExecutor.java:167)
	at org.openqa.selenium.remote.service.DriverCommandExecutor.execute(DriverCommandExecutor.java:142)
	at org.openqa.selenium.remote.RemoteWebDriver.execute(RemoteWebDriver.java:569)
	at org.openqa.selenium.remote.RemoteWebDriver.execute(RemoteWebDriver.java:624)
	at org.openqa.selenium.remote.RemoteWebDriver.execute(RemoteWebDriver.java:628)
	at org.openqa.selenium.remote.RemoteWebDriver.getScreenshotAs(RemoteWebDriver.java:353)
	at com.Well.Engine.BaseClass.getResult(BaseClass.java:211)
... Removed 32 stack frames</div></td></tr></table><p class="totop"><a href="#summary">back to summary</a></p>
<h3 id="m2">com.Well.testcases.V2Project.TC_13_PerformanceReviewV2ProjectTest#getResult</h3><table class="result"><tr class="param"><th>Parameter #1</th></tr><tr class="param stripe"><td>[TestResult name=tc_13_PerformanceReviewV2ProjectTest status=FAILURE method=TC_13_PerformanceReviewV2ProjectTest.tc_13_PerformanceReviewV2ProjectTest(java.lang.String, int)[pri:0, instance:com.Well.testcases.V2Project.TC_13_PerformanceReviewV2ProjectTest@606e4010] output={null}]</td></tr><tr><th>Exception</th></tr><tr><td><div class="stacktrace">org.openqa.selenium.NoSuchWindowException: no such window: target window already closed
from unknown error: web view not found
  (Session info: chrome=104.0.5112.102)
Build info: version: &apos;4.3.0&apos;, revision: &apos;a4995e2c09*&apos;
System info: host: &apos;ABHISHEKGUPTA&apos;, ip: &apos;192.168.1.6&apos;, os.name: &apos;Windows 11&apos;, os.arch: &apos;amd64&apos;, os.version: &apos;10.0&apos;, java.version: &apos;17.0.3&apos;
Driver info: org.openqa.selenium.chrome.ChromeDriver
Command: [95179d08e13fa1df6332a5ba6a4bfa88, screenshot {}]
Capabilities {acceptInsecureCerts: false, browserName: chrome, browserVersion: 104.0.5112.102, chrome: {chromedriverVersion: 104.0.5112.79 (3cf3e8c8a07d..., userDataDir: C:\Users\abhis\AppData\Loca...}, goog:chromeOptions: {debuggerAddress: localhost:50979}, networkConnectionEnabled: false, pageLoadStrategy: normal, platformName: WINDOWS, proxy: Proxy(), se:cdp: ws://localhost:50979/devtoo..., se:cdpVersion: 104.0.5112.102, setWindowRect: true, strictFileInteractability: false, timeouts: {implicit: 0, pageLoad: 300000, script: 30000}, unhandledPromptBehavior: dismiss and notify, webauthn:extension:credBlob: true, webauthn:extension:largeBlob: true, webauthn:virtualAuthenticators: true}
Session ID: 95179d08e13fa1df6332a5ba6a4bfa88
	at org.openqa.selenium.remote.codec.w3c.W3CHttpResponseCodec.createException(W3CHttpResponseCodec.java:200)
	at org.openqa.selenium.remote.codec.w3c.W3CHttpResponseCodec.decode(W3CHttpResponseCodec.java:133)
	at org.openqa.selenium.remote.codec.w3c.W3CHttpResponseCodec.decode(W3CHttpResponseCodec.java:53)
	at org.openqa.selenium.remote.HttpCommandExecutor.execute(HttpCommandExecutor.java:184)
	at org.openqa.selenium.remote.service.DriverCommandExecutor.invokeExecute(DriverCommandExecutor.java:167)
	at org.openqa.selenium.remote.service.DriverCommandExecutor.execute(DriverCommandExecutor.java:142)
	at org.openqa.selenium.remote.RemoteWebDriver.execute(RemoteWebDriver.java:569)
	at org.openqa.selenium.remote.RemoteWebDriver.execute(RemoteWebDriver.java:624)
	at org.openqa.selenium.remote.RemoteWebDriver.execute(RemoteWebDriver.java:628)
	at org.openqa.selenium.remote.RemoteWebDriver.getScreenshotAs(RemoteWebDriver.java:353)
	at com.Well.Engine.BaseClass.getResult(BaseClass.java:211)
... Removed 32 stack frames</div></td></tr></table><p class="totop"><a href="#summary">back to summary</a></p>
<h3 id="m3">com.Well.testcases.V2Project.TC_14_TeamV2ProjectTest#getResult</h3><table class="result"><tr class="param"><th>Parameter #1</th></tr><tr class="param stripe"><td>[TestResult name=tc_14_TeamV2ProjectTest status=FAILURE method=TC_14_TeamV2ProjectTest.tc_14_TeamV2ProjectTest(java.lang.String, int)[pri:0, instance:com.Well.testcases.V2Project.TC_14_TeamV2ProjectTest@8458f04] output={null}]</td></tr><tr><th>Exception</th></tr><tr><td><div class="stacktrace">org.openqa.selenium.NoSuchWindowException: no such window: target window already closed
from unknown error: web view not found
  (Session info: chrome=104.0.5112.102)
Build info: version: &apos;4.3.0&apos;, revision: &apos;a4995e2c09*&apos;
System info: host: &apos;ABHISHEKGUPTA&apos;, ip: &apos;192.168.1.6&apos;, os.name: &apos;Windows 11&apos;, os.arch: &apos;amd64&apos;, os.version: &apos;10.0&apos;, java.version: &apos;17.0.3&apos;
Driver info: org.openqa.selenium.chrome.ChromeDriver
Command: [95179d08e13fa1df6332a5ba6a4bfa88, screenshot {}]
Capabilities {acceptInsecureCerts: false, browserName: chrome, browserVersion: 104.0.5112.102, chrome: {chromedriverVersion: 104.0.5112.79 (3cf3e8c8a07d..., userDataDir: C:\Users\abhis\AppData\Loca...}, goog:chromeOptions: {debuggerAddress: localhost:50979}, networkConnectionEnabled: false, pageLoadStrategy: normal, platformName: WINDOWS, proxy: Proxy(), se:cdp: ws://localhost:50979/devtoo..., se:cdpVersion: 104.0.5112.102, setWindowRect: true, strictFileInteractability: false, timeouts: {implicit: 0, pageLoad: 300000, script: 30000}, unhandledPromptBehavior: dismiss and notify, webauthn:extension:credBlob: true, webauthn:extension:largeBlob: true, webauthn:virtualAuthenticators: true}
Session ID: 95179d08e13fa1df6332a5ba6a4bfa88
	at org.openqa.selenium.remote.codec.w3c.W3CHttpResponseCodec.createException(W3CHttpResponseCodec.java:200)
	at org.openqa.selenium.remote.codec.w3c.W3CHttpResponseCodec.decode(W3CHttpResponseCodec.java:133)
	at org.openqa.selenium.remote.codec.w3c.W3CHttpResponseCodec.decode(W3CHttpResponseCodec.java:53)
	at org.openqa.selenium.remote.HttpCommandExecutor.execute(HttpCommandExecutor.java:184)
	at org.openqa.selenium.remote.service.DriverCommandExecutor.invokeExecute(DriverCommandExecutor.java:167)
	at org.openqa.selenium.remote.service.DriverCommandExecutor.execute(DriverCommandExecutor.java:142)
	at org.openqa.selenium.remote.RemoteWebDriver.execute(RemoteWebDriver.java:569)
	at org.openqa.selenium.remote.RemoteWebDriver.execute(RemoteWebDriver.java:624)
	at org.openqa.selenium.remote.RemoteWebDriver.execute(RemoteWebDriver.java:628)
	at org.openqa.selenium.remote.RemoteWebDriver.getScreenshotAs(RemoteWebDriver.java:353)
	at com.Well.Engine.BaseClass.getResult(BaseClass.java:211)
... Removed 32 stack frames</div></td></tr></table><p class="totop"><a href="#summary">back to summary</a></p>
<h3 id="m4">com.Well.testcases.V2Project.TC_10_HealthSafetyV2ProjectTest#tC_10_HealthSafetyV2ProjectTest</h3><table class="result"><tr class="param"><th>Parameter #1</th><th>Parameter #2</th></tr><tr class="param stripe"><td>V2Project</td><td>2</td></tr><tr><th colspan="2">Exception</th></tr><tr><td colspan="2"><div class="stacktrace">java.lang.Error: element click intercepted: Element &lt;svg data-v-7434e528=&quot;&quot; data-id=&quot;documents-btn&quot; xmlns=&quot;http://www.w3.org/2000/svg&quot; fill=&quot;none&quot; viewBox=&quot;0 0 24 24&quot; stroke=&quot;currentColor&quot; class=&quot;w-6 ml-auto cursor-pointer&quot;&gt;...&lt;/svg&gt; is not clickable at point (874, 14). Other element would receive the click: &lt;div data-v-e9ed4396=&quot;&quot; class=&quot;flex w-full&quot;&gt;...&lt;/div&gt;
  (Session info: chrome=104.0.5112.102)
Build info: version: &apos;4.3.0&apos;, revision: &apos;a4995e2c09*&apos;
System info: host: &apos;ABHISHEKGUPTA&apos;, ip: &apos;192.168.1.6&apos;, os.name: &apos;Windows 11&apos;, os.arch: &apos;amd64&apos;, os.version: &apos;10.0&apos;, java.version: &apos;17.0.3&apos;
Driver info: org.openqa.selenium.chrome.ChromeDriver
Command: [95179d08e13fa1df6332a5ba6a4bfa88, clickElement {id=9a1b0210-1394-4217-9d78-a55b48d1c02a}]
Capabilities {acceptInsecureCerts: false, browserName: chrome, browserVersion: 104.0.5112.102, chrome: {chromedriverVersion: 104.0.5112.79 (3cf3e8c8a07d..., userDataDir: C:\Users\abhis\AppData\Loca...}, goog:chromeOptions: {debuggerAddress: localhost:50979}, networkConnectionEnabled: false, pageLoadStrategy: normal, platformName: WINDOWS, proxy: Proxy(), se:cdp: ws://localhost:50979/devtoo..., se:cdpVersion: 104.0.5112.102, setWindowRect: true, strictFileInteractability: false, timeouts: {implicit: 0, pageLoad: 300000, script: 30000}, unhandledPromptBehavior: dismiss and notify, webauthn:extension:credBlob: true, webauthn:extension:largeBlob: true, webauthn:virtualAuthenticators: true}
Element: [[ChromeDriver: chrome on WINDOWS (95179d08e13fa1df6332a5ba6a4bfa88)] -&gt; xpath: //*[@data-id=&apos;documents-btn&apos;]]
Session ID: 95179d08e13fa1df6332a5ba6a4bfa88
	at org.openqa.selenium.remote.codec.w3c.W3CHttpResponseCodec.createException(W3CHttpResponseCodec.java:200)
	at org.openqa.selenium.remote.codec.w3c.W3CHttpResponseCodec.decode(W3CHttpResponseCodec.java:133)
	at org.openqa.selenium.remote.codec.w3c.W3CHttpResponseCodec.decode(W3CHttpResponseCodec.java:53)
	at org.openqa.selenium.remote.HttpCommandExecutor.execute(HttpCommandExecutor.java:184)
	at org.openqa.selenium.remote.service.DriverCommandExecutor.invokeExecute(DriverCommandExecutor.java:167)
	at org.openqa.selenium.remote.service.DriverCommandExecutor.execute(DriverCommandExecutor.java:142)
	at org.openqa.selenium.remote.RemoteWebDriver.execute(RemoteWebDriver.java:569)
	at org.openqa.selenium.remote.RemoteWebElement.execute(RemoteWebElement.java:257)
	at org.openqa.selenium.remote.RemoteWebElement.click(RemoteWebElement.java:78)
	at com.Well.Engine.CommonMethod.click(CommonMethod.java:331)
	at com.Well.ReusableMethods.ReusableMethodsV2Project.uploadDocumentInFeature(ReusableMethodsV2Project.java:462)
	at com.Well.testcases.V2Project.TC_10_HealthSafetyV2ProjectTest.tC_10_HealthSafetyV2ProjectTest(TC_10_HealthSafetyV2ProjectTest.java:21)
... Removed 30 stack frames</div></td></tr></table><p class="totop"><a href="#summary">back to summary</a></p>
<h3 id="m5">com.Well.testcases.V2Project.TC_11_HealthSafetyReviewV2ProjectTest#tc_11_HealthSafetyReviewV2ProjectTest</h3><table class="result"><tr class="param"><th>Parameter #1</th><th>Parameter #2</th></tr><tr class="param stripe"><td>V2Project</td><td>2</td></tr><tr><th colspan="2">Exception</th></tr><tr><td colspan="2"><div class="stacktrace">java.lang.Error: Expected condition failed: waiting for element to be clickable: By.xpath: //span[contains(@class,&apos;flex-shrink-0&apos;)]//*[name()=&apos;svg&apos;] (tried for 60 second(s) with 500 milliseconds interval)
	at org.openqa.selenium.support.ui.WebDriverWait.timeoutException(WebDriverWait.java:87)
	at org.openqa.selenium.support.ui.FluentWait.until(FluentWait.java:231)
	at com.Well.Engine.CommonMethod.WaitUntilClickble(CommonMethod.java:1824)
	at com.Well.Engine.CommonMethod.click(CommonMethod.java:330)
	at com.Well.ReusableMethods.ReusableMethodsV2Project.hsrReviewV2Project(ReusableMethodsV2Project.java:594)
	at com.Well.testcases.V2Project.TC_11_HealthSafetyReviewV2ProjectTest.tc_11_HealthSafetyReviewV2ProjectTest(TC_11_HealthSafetyReviewV2ProjectTest.java:20)
... Removed 25 stack frames</div></td></tr></table><p class="totop"><a href="#summary">back to summary</a></p>
<h3 id="m6">com.Well.testcases.V2Project.TC_12_PerformanceV2ProjectTest#tc_12_PerformanceV2ProjectTest</h3><table class="result"><tr class="param"><th>Parameter #1</th><th>Parameter #2</th></tr><tr class="param stripe"><td>V2Project</td><td>2</td></tr><tr><th colspan="2">Exception</th></tr><tr><td colspan="2"><div class="stacktrace">java.lang.Error: Expected condition failed: waiting for visibility of element located by By.xpath: //button[@type=&quot;button&quot;]/span[text()=&quot;WELL Performance&quot;] (tried for 300 second(s) with 500 milliseconds interval)
	at org.openqa.selenium.support.ui.WebDriverWait.timeoutException(WebDriverWait.java:87)
	at org.openqa.selenium.support.ui.FluentWait.until(FluentWait.java:231)
	at com.Well.Engine.CommonMethod.WaitUntilVisibility(CommonMethod.java:1771)
	at com.Well.ReusableMethods.ReusableMethodsV2Project.performanceV2Project(ReusableMethodsV2Project.java:641)
	at com.Well.testcases.V2Project.TC_12_PerformanceV2ProjectTest.tc_12_PerformanceV2ProjectTest(TC_12_PerformanceV2ProjectTest.java:20)
... Removed 25 stack frames</div></td></tr></table><p class="totop"><a href="#summary">back to summary</a></p>
<h3 id="m7">com.Well.testcases.V2Project.TC_13_PerformanceReviewV2ProjectTest#tc_13_PerformanceReviewV2ProjectTest</h3><table class="result"><tr class="param"><th>Parameter #1</th><th>Parameter #2</th></tr><tr class="param stripe"><td>V2Project</td><td>2</td></tr><tr><th colspan="2">Exception</th></tr><tr><td colspan="2"><div class="stacktrace">java.lang.Error: Expected condition failed: waiting for visibility of element located by By.xpath: (//*[@class=&apos;text-sm text-primary-900&apos;]) (tried for 300 second(s) with 500 milliseconds interval)
	at org.openqa.selenium.support.ui.WebDriverWait.timeoutException(WebDriverWait.java:87)
	at org.openqa.selenium.support.ui.FluentWait.until(FluentWait.java:231)
	at com.Well.Engine.CommonMethod.WaitUntilVisibility(CommonMethod.java:1771)
	at com.Well.ReusableMethods.ReusableMethodsV2Project.wprReviewV2Project(ReusableMethodsV2Project.java:799)
	at com.Well.testcases.V2Project.TC_13_PerformanceReviewV2ProjectTest.tc_13_PerformanceReviewV2ProjectTest(TC_13_PerformanceReviewV2ProjectTest.java:20)
... Removed 25 stack frames</div></td></tr></table><p class="totop"><a href="#summary">back to summary</a></p>
<h3 id="m8">com.Well.testcases.V2Project.TC_14_TeamV2ProjectTest#tc_14_TeamV2ProjectTest</h3><table class="result"><tr class="param"><th>Parameter #1</th><th>Parameter #2</th></tr><tr class="param stripe"><td>V2Project</td><td>2</td></tr><tr><th colspan="2">Exception</th></tr><tr><td colspan="2"><div class="stacktrace">java.lang.Error: Expected condition failed: waiting for visibility of element located by By.xpath: //button[@type=&quot;button&quot;]/span[text()=&quot;Team&quot;] (tried for 300 second(s) with 500 milliseconds interval)
	at org.openqa.selenium.support.ui.WebDriverWait.timeoutException(WebDriverWait.java:87)
	at org.openqa.selenium.support.ui.FluentWait.until(FluentWait.java:231)
	at com.Well.Engine.CommonMethod.WaitUntilVisibility(CommonMethod.java:1771)
	at com.Well.ReusableMethods.ReusableMethodsV2Project.teamV2Project(ReusableMethodsV2Project.java:850)
	at com.Well.testcases.V2Project.TC_14_TeamV2ProjectTest.tc_14_TeamV2ProjectTest(TC_14_TeamV2ProjectTest.java:20)
... Removed 25 stack frames</div></td></tr></table><p class="totop"><a href="#summary">back to summary</a></p>
<h3 id="m9">com.Well.testcases.V2Project.TC_03_SearchV2ProjectByIdTest#tc_03_SearchV2ProjectByIdTest</h3><table class="result"><tr class="param"><th>Parameter #1</th><th>Parameter #2</th></tr><tr class="param stripe"><td>V2Project</td><td>2</td></tr></table><p class="totop"><a href="#summary">back to summary</a></p>
<h3 id="m10">com.Well.testcases.login.TC_01_LoginTest#TC_01_Login</h3><table class="result"><tr><th class="invisible"/></tr></table><p class="totop"><a href="#summary">back to summary</a></p>
>>>>>>> refs/remotes/origin/master
</body>
</html>
